[2021-06-08 12:29:41] new.INFO: ПользовательMaxизменил пост № 109 [] []
[2021-06-08 12:29:47] new.INFO: ПользовательMaxизменил пост № 104 [] []
[2021-06-08 12:31:33] new.INFO: Пользователь Max изменил пост № 105 [] []
[2021-06-08 12:32:36] new.INFO: Пользователь Max изменил пост № 78 [] []
[2021-06-08 12:33:45] new.INFO: Пользователь Max изменил пост № 108 [] []
[2021-06-08 12:41:50] new.INFO: Пользователь Max изменил пост № 78 [] []
[2021-06-08 13:10:50] new.INFO: Пользователь Maxс email - some@mail.ua изменил пост № 110 Заголовок поста - Тестовый пост для логов 2 [] []
[2021-06-08 13:15:24] new.INFO: Пользователь Max с email - some@mail.ua изменил пост № 111 Заголовок поста - Пост для теста логов [] []
[2021-06-14 13:02:51] new.INFO: Пользователь Max с email - some@mail.ua изменил пост № 103 Заголовок поста - Adidas [] []
[2021-06-14 13:03:22] new.INFO: Пользователь Max с email - some@mail.ua изменил пост № 103 Заголовок поста - Adidas [] []
[2021-06-14 13:04:41] new.INFO: Пользователь Max с email - some@mail.ua изменил пост № 111 Заголовок поста - Пост для теста логов [] []
[2021-06-14 13:07:19] new.INFO: Пользователь Max с email - some@mail.ua изменил пост № 106 Заголовок поста - WwwzZZasda [] []
[2021-06-14 13:09:54] new.INFO: Пользователь Max с email - some@mail.ua изменил пост № 106 Заголовок поста - WwwzZZasda [] []
[2021-06-14 13:10:08] new.INFO: Пользователь Max с email - some@mail.ua изменил пост № 106 Заголовок поста - WwwzZZasda [] []
[2021-06-14 13:10:17] new.INFO: Пользователь Max с email - some@mail.ua изменил пост № 106 Заголовок поста - WwwzZZasda [] []
[2021-06-14 13:11:10] new.INFO: Пользователь Max с email - some@mail.ua изменил пост № 106 Заголовок поста - WwwzZZasda [] []
[2021-06-14 13:12:53] new.INFO: Пользователь Max с email - some@mail.ua изменил пост № 103 Заголовок поста - Adidas [] []
[2021-06-14 13:15:40] new.INFO: Пользователь Max с email - some@mail.ua изменил пост № 104 Заголовок поста - Пробуем изменить пост [] []
[2021-06-14 13:18:00] new.INFO: Пользователь Max с email - some@mail.ua изменил пост № 104 Заголовок поста - Пробуем изменить пост [] []
[2021-06-14 13:18:10] new.INFO: Пользователь Max с email - some@mail.ua изменил пост № 104 Заголовок поста - Пробуем изменить пост [] []
[2021-06-14 13:18:18] new.INFO: Пользователь Max с email - some@mail.ua изменил пост № 104 Заголовок поста - Пробуем изменить пост [] []
[2021-06-14 13:27:28] new.INFO: Пользователь Max с email - some@mail.ua изменил пост № 104 Заголовок поста - Пробуем изменить пост [] []
[2021-06-14 13:27:35] new.INFO: Пользователь Max с email - some@mail.ua изменил пост № 104 Заголовок поста - Пробуем изменить пост [] []
[2021-06-14 14:05:26] new.INFO: Пользователь Max с email - some@mail.ua изменил пост № 80 Заголовок поста - Veniam incidunt veniam quod. [] []
[2021-06-14 14:11:11] new.INFO: Пользователь Max с email - some@mail.ua изменил пост № 80 Заголовок поста - Veniam incidunt veniam quod. [] []
[2021-06-14 15:17:14] new.INFO: Пользователь Max с email - some@mail.ua изменил пост № 122 Заголовок поста - dsadadasdsadas [] []
[2021-06-14 15:54:14] new.INFO: Пользователь Max с email - some@mail.ua изменил пост № 122 Заголовок поста - dsadadasdsadas [] []
[2021-06-14 15:54:26] new.INFO: Пользователь Max с email - some@mail.ua изменил пост № 122 Заголовок поста - dsadadasdsadas [] []
[2021-06-14 18:45:10] new.INFO: Пользователь Max с email - some@mail.ua изменил пост № 121 Заголовок поста - 5555555555555555 [] []
